{"C:\\Users\\User\\Doesnt_Matter-1\\Filler\\App.js": {"path":"C:\\Users\\User\\Doesnt_Matter-1\\Filler\\App.js","statementMap":{"0":{"start":{"line":15,"column":14},"end":{"line":15,"column":42}},"1":{"start":{"line":18,"column":2},"end":{"line":33,"column":3}}},"fnMap":{"0":{"name":"App","decl":{"start":{"line":17,"column":24},"end":{"line":17,"column":27}},"loc":{"start":{"line":17,"column":30},"end":{"line":34,"column":1}},"line":17}},"branchMap":{},"s":{"0":0,"1":0},"f":{"0":0},"b":{}}
,"C:\\Users\\User\\Doesnt_Matter-1\\Filler\\__mock__\\@react-native-async-storage\\async-storage.js": {"path":"C:\\Users\\User\\Doesnt_Matter-1\\Filler\\__mock__\\@react-native-async-storage\\async-storage.js","statementMap":{"0":{"start":{"line":5,"column":0},"end":{"line":8,"column":2}},"1":{"start":{"line":7,"column":8},"end":{"line":7,"column":30}}},"fnMap":{"0":{"name":"(anonymous_0)","decl":{"start":{"line":7,"column":2},"end":{"line":7,"column":3}},"loc":{"start":{"line":7,"column":8},"end":{"line":7,"column":30}},"line":7}},"branchMap":{},"s":{"0":0,"1":0},"f":{"0":0},"b":{}}
,"C:\\Users\\User\\Doesnt_Matter-1\\Filler\\app\\GameScreen.js": {"path":"C:\\Users\\User\\Doesnt_Matter-1\\Filler\\app\\GameScreen.js","statementMap":{"0":{"start":{"line":6,"column":4},"end":{"line":8,"column":5}}},"fnMap":{"0":{"name":"GameScreen","decl":{"start":{"line":5,"column":24},"end":{"line":5,"column":34}},"loc":{"start":{"line":5,"column":37},"end":{"line":9,"column":1}},"line":5}},"branchMap":{},"s":{"0":0},"f":{"0":0},"b":{}}
,"C:\\Users\\User\\Doesnt_Matter-1\\Filler\\app\\GenerateTipsScreen.js": {"path":"C:\\Users\\User\\Doesnt_Matter-1\\Filler\\app\\GenerateTipsScreen.js","statementMap":{"0":{"start":{"line":6,"column":26},"end":{"line":6,"column":38}},"1":{"start":{"line":7,"column":34},"end":{"line":7,"column":48}},"2":{"start":{"line":9,"column":22},"end":{"line":30,"column":3}},"3":{"start":{"line":10,"column":4},"end":{"line":29,"column":5}},"4":{"start":{"line":11,"column":25},"end":{"line":11,"column":151}},"5":{"start":{"line":13,"column":31},"end":{"line":13,"column":89}},"6":{"start":{"line":15,"column":6},"end":{"line":15,"column":99}},"7":{"start":{"line":17,"column":8},"end":{"line":26,"column":9}},"8":{"start":{"line":18,"column":10},"end":{"line":18,"column":46}},"9":{"start":{"line":20,"column":25},"end":{"line":20,"column":175}},"10":{"start":{"line":22,"column":10},"end":{"line":22,"column":30}},"11":{"start":{"line":23,"column":10},"end":{"line":23,"column":62}},"12":{"start":{"line":25,"column":10},"end":{"line":25,"column":111}},"13":{"start":{"line":28,"column":6},"end":{"line":28,"column":27}},"14":{"start":{"line":32,"column":2},"end":{"line":43,"column":4}},"15":{"start":{"line":46,"column":15},"end":{"line":65,"column":2}}},"fnMap":{"0":{"name":"GenerateTipsScreen","decl":{"start":{"line":5,"column":24},"end":{"line":5,"column":42}},"loc":{"start":{"line":5,"column":45},"end":{"line":44,"column":1}},"line":5},"1":{"name":"(anonymous_1)","decl":{"start":{"line":9,"column":22},"end":{"line":9,"column":23}},"loc":{"start":{"line":9,"column":34},"end":{"line":30,"column":3}},"line":9}},"branchMap":{"0":{"loc":{"start":{"line":17,"column":8},"end":{"line":26,"column":9}},"type":"if","locations":[{"start":{"line":17,"column":8},"end":{"line":26,"column":9}},{"start":{"line":24,"column":15},"end":{"line":26,"column":9}}],"line":17}},"s":{"0":0,"1":0,"2":0,"3":0,"4":0,"5":0,"6":0,"7":0,"8":0,"9":0,"10":0,"11":0,"12":0,"13":0,"14":0,"15":0},"f":{"0":0,"1":0},"b":{"0":[0,0]}}
,"C:\\Users\\User\\Doesnt_Matter-1\\Filler\\app\\HomeScreen.js": {"path":"C:\\Users\\User\\Doesnt_Matter-1\\Filler\\app\\HomeScreen.js","statementMap":{"0":{"start":{"line":9,"column":26},"end":{"line":9,"column":38}},"1":{"start":{"line":10,"column":34},"end":{"line":10,"column":48}},"2":{"start":{"line":12,"column":22},"end":{"line":33,"column":3}},"3":{"start":{"line":13,"column":4},"end":{"line":32,"column":5}},"4":{"start":{"line":14,"column":25},"end":{"line":14,"column":151}},"5":{"start":{"line":16,"column":31},"end":{"line":16,"column":89}},"6":{"start":{"line":18,"column":6},"end":{"line":18,"column":99}},"7":{"start":{"line":20,"column":8},"end":{"line":29,"column":9}},"8":{"start":{"line":21,"column":10},"end":{"line":21,"column":46}},"9":{"start":{"line":23,"column":25},"end":{"line":23,"column":172}},"10":{"start":{"line":25,"column":10},"end":{"line":25,"column":30}},"11":{"start":{"line":26,"column":10},"end":{"line":26,"column":62}},"12":{"start":{"line":28,"column":10},"end":{"line":28,"column":45}},"13":{"start":{"line":31,"column":6},"end":{"line":31,"column":27}},"14":{"start":{"line":36,"column":2},"end":{"line":55,"column":4}},"15":{"start":{"line":38,"column":48},"end":{"line":38,"column":75}},"16":{"start":{"line":39,"column":49},"end":{"line":39,"column":77}},"17":{"start":{"line":40,"column":63},"end":{"line":40,"column":98}},"18":{"start":{"line":41,"column":62},"end":{"line":41,"column":96}},"19":{"start":{"line":59,"column":15},"end":{"line":69,"column":2}}},"fnMap":{"0":{"name":"HomeScreen","decl":{"start":{"line":8,"column":24},"end":{"line":8,"column":34}},"loc":{"start":{"line":8,"column":51},"end":{"line":56,"column":1}},"line":8},"1":{"name":"(anonymous_1)","decl":{"start":{"line":12,"column":22},"end":{"line":12,"column":23}},"loc":{"start":{"line":12,"column":34},"end":{"line":33,"column":3}},"line":12},"2":{"name":"(anonymous_2)","decl":{"start":{"line":38,"column":42},"end":{"line":38,"column":43}},"loc":{"start":{"line":38,"column":48},"end":{"line":38,"column":75}},"line":38},"3":{"name":"(anonymous_3)","decl":{"start":{"line":39,"column":43},"end":{"line":39,"column":44}},"loc":{"start":{"line":39,"column":49},"end":{"line":39,"column":77}},"line":39},"4":{"name":"(anonymous_4)","decl":{"start":{"line":40,"column":57},"end":{"line":40,"column":58}},"loc":{"start":{"line":40,"column":63},"end":{"line":40,"column":98}},"line":40},"5":{"name":"(anonymous_5)","decl":{"start":{"line":41,"column":56},"end":{"line":41,"column":57}},"loc":{"start":{"line":41,"column":62},"end":{"line":41,"column":96}},"line":41}},"branchMap":{"0":{"loc":{"start":{"line":20,"column":8},"end":{"line":29,"column":9}},"type":"if","locations":[{"start":{"line":20,"column":8},"end":{"line":29,"column":9}},{"start":{"line":27,"column":15},"end":{"line":29,"column":9}}],"line":20}},"s":{"0":4,"1":4,"2":4,"3":1,"4":1,"5":1,"6":1,"7":1,"8":1,"9":1,"10":1,"11":1,"12":0,"13":0,"14":4,"15":0,"16":0,"17":0,"18":0,"19":1},"f":{"0":4,"1":1,"2":0,"3":0,"4":0,"5":0},"b":{"0":[1,0]},"_coverageSchema":"1a1c01bbd47fc00a2c39e90264f33305004495a9","hash":"d944771101eea9209c4d53727f15b7492478c74e"}
,"C:\\Users\\User\\Doesnt_Matter-1\\Filler\\components\\Turtle.js": {"path":"C:\\Users\\User\\Doesnt_Matter-1\\Filler\\components\\Turtle.js","statementMap":{"0":{"start":{"line":4,"column":17},"end":{"line":4,"column":60}},"1":{"start":{"line":5,"column":18},"end":{"line":5,"column":62}},"2":{"start":{"line":8,"column":26},"end":{"line":8,"column":57}},"3":{"start":{"line":9,"column":36},"end":{"line":9,"column":49}},"4":{"start":{"line":11,"column":2},"end":{"line":17,"column":9}},"5":{"start":{"line":12,"column":21},"end":{"line":14,"column":11}},"6":{"start":{"line":13,"column":6},"end":{"line":13,"column":52}},"7":{"start":{"line":13,"column":29},"end":{"line":13,"column":50}},"8":{"start":{"line":16,"column":4},"end":{"line":16,"column":41}},"9":{"start":{"line":16,"column":17},"end":{"line":16,"column":40}},"10":{"start":{"line":19,"column":22},"end":{"line":21,"column":3}},"11":{"start":{"line":20,"column":4},"end":{"line":20,"column":38}},"12":{"start":{"line":20,"column":27},"end":{"line":20,"column":36}},"13":{"start":{"line":23,"column":2},"end":{"line":37,"column":4}},"14":{"start":{"line":41,"column":15},"end":{"line":60,"column":4}}},"fnMap":{"0":{"name":"Turtle","decl":{"start":{"line":7,"column":24},"end":{"line":7,"column":30}},"loc":{"start":{"line":7,"column":33},"end":{"line":38,"column":1}},"line":7},"1":{"name":"(anonymous_1)","decl":{"start":{"line":11,"column":12},"end":{"line":11,"column":13}},"loc":{"start":{"line":11,"column":18},"end":{"line":17,"column":3}},"line":11},"2":{"name":"(anonymous_2)","decl":{"start":{"line":12,"column":33},"end":{"line":12,"column":34}},"loc":{"start":{"line":12,"column":39},"end":{"line":14,"column":5}},"line":12},"3":{"name":"(anonymous_3)","decl":{"start":{"line":13,"column":19},"end":{"line":13,"column":20}},"loc":{"start":{"line":13,"column":29},"end":{"line":13,"column":50}},"line":13},"4":{"name":"(anonymous_4)","decl":{"start":{"line":16,"column":11},"end":{"line":16,"column":12}},"loc":{"start":{"line":16,"column":17},"end":{"line":16,"column":40}},"line":16},"5":{"name":"(anonymous_5)","decl":{"start":{"line":19,"column":22},"end":{"line":19,"column":23}},"loc":{"start":{"line":19,"column":28},"end":{"line":21,"column":3}},"line":19},"6":{"name":"(anonymous_6)","decl":{"start":{"line":20,"column":17},"end":{"line":20,"column":18}},"loc":{"start":{"line":20,"column":27},"end":{"line":20,"column":36}},"line":20}},"branchMap":{"0":{"loc":{"start":{"line":34,"column":28},"end":{"line":34,"column":60}},"type":"cond-expr","locations":[{"start":{"line":34,"column":45},"end":{"line":34,"column":52}},{"start":{"line":34,"column":55},"end":{"line":34,"column":60}}],"line":34}},"s":{"0":1,"1":1,"2":1,"3":1,"4":1,"5":0,"6":0,"7":0,"8":0,"9":0,"10":1,"11":0,"12":0,"13":1,"14":1},"f":{"0":1,"1":0,"2":0,"3":0,"4":0,"5":0,"6":0},"b":{"0":[1,0]},"_coverageSchema":"1a1c01bbd47fc00a2c39e90264f33305004495a9","hash":"a9cdfd5d53875547c98b1b19f6ecb1d69404cfba"}
,"C:\\Users\\User\\Doesnt_Matter-1\\Filler\\components\\utils\\GenerateTips.js": {"path":"C:\\Users\\User\\Doesnt_Matter-1\\Filler\\components\\utils\\GenerateTips.js","statementMap":{"0":{"start":{"line":4,"column":21},"end":{"line":26,"column":3}},"1":{"start":{"line":5,"column":4},"end":{"line":25,"column":5}},"2":{"start":{"line":6,"column":25},"end":{"line":6,"column":151}},"3":{"start":{"line":8,"column":31},"end":{"line":8,"column":89}},"4":{"start":{"line":10,"column":6},"end":{"line":10,"column":99}},"5":{"start":{"line":12,"column":8},"end":{"line":21,"column":9}},"6":{"start":{"line":13,"column":10},"end":{"line":13,"column":46}},"7":{"start":{"line":15,"column":25},"end":{"line":15,"column":175}},"8":{"start":{"line":17,"column":10},"end":{"line":17,"column":30}},"9":{"start":{"line":18,"column":10},"end":{"line":18,"column":56}},"10":{"start":{"line":20,"column":12},"end":{"line":20,"column":107}},"11":{"start":{"line":23,"column":6},"end":{"line":23,"column":27}},"12":{"start":{"line":24,"column":6},"end":{"line":24,"column":16}}},"fnMap":{"0":{"name":"(anonymous_0)","decl":{"start":{"line":4,"column":21},"end":{"line":4,"column":22}},"loc":{"start":{"line":4,"column":37},"end":{"line":26,"column":3}},"line":4}},"branchMap":{"0":{"loc":{"start":{"line":12,"column":8},"end":{"line":21,"column":9}},"type":"if","locations":[{"start":{"line":12,"column":8},"end":{"line":21,"column":9}},{"start":{"line":19,"column":15},"end":{"line":21,"column":9}}],"line":12}},"s":{"0":1,"1":0,"2":0,"3":0,"4":0,"5":0,"6":0,"7":0,"8":0,"9":0,"10":0,"11":0,"12":0},"f":{"0":0},"b":{"0":[0,0]},"_coverageSchema":"1a1c01bbd47fc00a2c39e90264f33305004495a9","hash":"c6a6922f064440553afae78040cbc46c8d2f016d"}
,"C:\\Users\\User\\Doesnt_Matter-1\\Filler\\constants\\NewsCard.style.js": {"path":"C:\\Users\\User\\Doesnt_Matter-1\\Filler\\constants\\NewsCard.style.js","statementMap":{"0":{"start":{"line":5,"column":15},"end":{"line":29,"column":2}}},"fnMap":{},"branchMap":{},"s":{"0":1},"f":{},"b":{},"_coverageSchema":"1a1c01bbd47fc00a2c39e90264f33305004495a9","hash":"a37ef9e11ce050c5e18e6975c3224da2184a1828"}
,"C:\\Users\\User\\Doesnt_Matter-1\\Filler\\constants\\theme.js": {"path":"C:\\Users\\User\\Doesnt_Matter-1\\Filler\\constants\\theme.js","statementMap":{"0":{"start":{"line":1,"column":15},"end":{"line":14,"column":3}},"1":{"start":{"line":16,"column":16},"end":{"line":23,"column":3}},"2":{"start":{"line":25,"column":18},"end":{"line":46,"column":3}}},"fnMap":{},"branchMap":{},"s":{"0":1,"1":1,"2":1},"f":{},"b":{},"_coverageSchema":"1a1c01bbd47fc00a2c39e90264f33305004495a9","hash":"8bf4e20952d544ad2541746bd61bc6a88b74e38c"}
}
